Determining if the pthread_create exist failed with the following output:
Change Dir: /home/vojta/code-nao-simulation/gazebo9/catkin_ws/build/nao_gazebo_plugin/CMakeFiles/CMakeTmp

Run Build Command:"/usr/bin/make" "cmTC_d968a/fast"
/usr/bin/make -f CMakeFiles/cmTC_d968a.dir/build.make CMakeFiles/cmTC_d968a.dir/build
make[1]: Entering directory '/home/vojta/code-nao-simulation/gazebo9/catkin_ws/build/nao_gazebo_plugin/CMakeFiles/CMakeTmp'
Building C object CMakeFiles/cmTC_d968a.dir/CheckSymbolExists.c.o
/usr/bin/cc    -o CMakeFiles/cmTC_d968a.dir/CheckSymbolExists.c.o   -c /home/vojta/code-nao-simulation/gazebo9/catkin_ws/build/nao_gazebo_plugin/CMakeFiles/CMakeTmp/CheckSymbolExists.c
Linking C executable cmTC_d968a
/usr/bin/cmake -E cmake_link_script CMakeFiles/cmTC_d968a.dir/link.txt --verbose=1
/usr/bin/cc      -rdynamic CMakeFiles/cmTC_d968a.dir/CheckSymbolExists.c.o  -o cmTC_d968a 
CMakeFiles/cmTC_d968a.dir/CheckSymbolExists.c.o: In function `main':
CheckSymbolExists.c:(.text+0x1b): undefined reference to `pthread_create'
collect2: error: ld returned 1 exit status
CMakeFiles/cmTC_d968a.dir/build.make:97: recipe for target 'cmTC_d968a' failed
make[1]: *** [cmTC_d968a] Error 1
make[1]: Leaving directory '/home/vojta/code-nao-simulation/gazebo9/catkin_ws/build/nao_gazebo_plugin/CMakeFiles/CMakeTmp'
Makefile:126: recipe for target 'cmTC_d968a/fast' failed
make: *** [cmTC_d968a/fast] Error 2

File /home/vojta/code-nao-simulation/gazebo9/catkin_ws/build/nao_gazebo_plugin/CMakeFiles/CMakeTmp/CheckSymbolExists.c:
/* */
#include <pthread.h>

int main(int argc, char** argv)
{
  (void)argv;
#ifndef pthread_create
  return ((int*)(&pthread_create))[argc];
#else
  (void)argc;
  return 0;
#endif
}

Determining if the function pthread_create exists in the pthreads failed with the following output:
Change Dir: /home/vojta/code-nao-simulation/gazebo9/catkin_ws/build/nao_gazebo_plugin/CMakeFiles/CMakeTmp

Run Build Command:"/usr/bin/make" "cmTC_57554/fast"
/usr/bin/make -f CMakeFiles/cmTC_57554.dir/build.make CMakeFiles/cmTC_57554.dir/build
make[1]: Entering directory '/home/vojta/code-nao-simulation/gazebo9/catkin_ws/build/nao_gazebo_plugin/CMakeFiles/CMakeTmp'
Building C object CMakeFiles/cmTC_57554.dir/CheckFunctionExists.c.o
/usr/bin/cc   -DCHECK_FUNCTION_EXISTS=pthread_create   -o CMakeFiles/cmTC_57554.dir/CheckFunctionExists.c.o   -c /usr/share/cmake-3.10/Modules/CheckFunctionExists.c
Linking C executable cmTC_57554
/usr/bin/cmake -E cmake_link_script CMakeFiles/cmTC_57554.dir/link.txt --verbose=1
/usr/bin/cc  -DCHECK_FUNCTION_EXISTS=pthread_create    -rdynamic CMakeFiles/cmTC_57554.dir/CheckFunctionExists.c.o  -o cmTC_57554 -lpthreads 
/usr/bin/ld: cannot find -lpthreads
collect2: error: ld returned 1 exit status
CMakeFiles/cmTC_57554.dir/build.make:97: recipe for target 'cmTC_57554' failed
make[1]: *** [cmTC_57554] Error 1
make[1]: Leaving directory '/home/vojta/code-nao-simulation/gazebo9/catkin_ws/build/nao_gazebo_plugin/CMakeFiles/CMakeTmp'
Makefile:126: recipe for target 'cmTC_57554/fast' failed
make: *** [cmTC_57554/fast] Error 2


