Determining if the pthread_create exist failed with the following output:
Change Dir: /home/deepself/Shengzhi_Project/self-recognize/Owner/Real_Nao_Control/Robot_Control/build/nao_control/CMakeFiles/CMakeTmp

Run Build Command:"/usr/bin/make" "cmTC_c0bb9/fast"
/usr/bin/make -f CMakeFiles/cmTC_c0bb9.dir/build.make CMakeFiles/cmTC_c0bb9.dir/build
make[1]: Entering directory '/home/deepself/Shengzhi_Project/self-recognize/Owner/Real_Nao_Control/Robot_Control/build/nao_control/CMakeFiles/CMakeTmp'
Building C object CMakeFiles/cmTC_c0bb9.dir/CheckSymbolExists.c.o
/usr/bin/cc     -o CMakeFiles/cmTC_c0bb9.dir/CheckSymbolExists.c.o   -c /home/deepself/Shengzhi_Project/self-recognize/Owner/Real_Nao_Control/Robot_Control/build/nao_control/CMakeFiles/CMakeTmp/CheckSymbolExists.c
Linking C executable cmTC_c0bb9
/usr/bin/cmake -E cmake_link_script CMakeFiles/cmTC_c0bb9.dir/link.txt --verbose=1
/usr/bin/cc       CMakeFiles/cmTC_c0bb9.dir/CheckSymbolExists.c.o  -o cmTC_c0bb9 -rdynamic 
CMakeFiles/cmTC_c0bb9.dir/CheckSymbolExists.c.o: In function `main':
CheckSymbolExists.c:(.text+0x16): undefined reference to `pthread_create'
collect2: error: ld returned 1 exit status
CMakeFiles/cmTC_c0bb9.dir/build.make:97: recipe for target 'cmTC_c0bb9' failed
make[1]: *** [cmTC_c0bb9] Error 1
make[1]: Leaving directory '/home/deepself/Shengzhi_Project/self-recognize/Owner/Real_Nao_Control/Robot_Control/build/nao_control/CMakeFiles/CMakeTmp'
Makefile:126: recipe for target 'cmTC_c0bb9/fast' failed
make: *** [cmTC_c0bb9/fast] Error 2

File /home/deepself/Shengzhi_Project/self-recognize/Owner/Real_Nao_Control/Robot_Control/build/nao_control/CMakeFiles/CMakeTmp/CheckSymbolExists.c:
/* */
#include <pthread.h>

int main(int argc, char** argv)
{
  (void)argv;
#ifndef pthread_create
  return ((int*)(&pthread_create))[argc];
#else
  (void)argc;
  return 0;
#endif
}

Determining if the function pthread_create exists in the pthreads failed with the following output:
Change Dir: /home/deepself/Shengzhi_Project/self-recognize/Owner/Real_Nao_Control/Robot_Control/build/nao_control/CMakeFiles/CMakeTmp

Run Build Command:"/usr/bin/make" "cmTC_7c433/fast"
/usr/bin/make -f CMakeFiles/cmTC_7c433.dir/build.make CMakeFiles/cmTC_7c433.dir/build
make[1]: Entering directory '/home/deepself/Shengzhi_Project/self-recognize/Owner/Real_Nao_Control/Robot_Control/build/nao_control/CMakeFiles/CMakeTmp'
Building C object CMakeFiles/cmTC_7c433.dir/CheckFunctionExists.c.o
/usr/bin/cc    -DCHECK_FUNCTION_EXISTS=pthread_create   -o CMakeFiles/cmTC_7c433.dir/CheckFunctionExists.c.o   -c /usr/share/cmake-3.5/Modules/CheckFunctionExists.c
Linking C executable cmTC_7c433
/usr/bin/cmake -E cmake_link_script CMakeFiles/cmTC_7c433.dir/link.txt --verbose=1
/usr/bin/cc   -DCHECK_FUNCTION_EXISTS=pthread_create    CMakeFiles/cmTC_7c433.dir/CheckFunctionExists.c.o  -o cmTC_7c433 -rdynamic -lpthreads 
/usr/bin/ld: cannot find -lpthreads
collect2: error: ld returned 1 exit status
CMakeFiles/cmTC_7c433.dir/build.make:97: recipe for target 'cmTC_7c433' failed
make[1]: *** [cmTC_7c433] Error 1
make[1]: Leaving directory '/home/deepself/Shengzhi_Project/self-recognize/Owner/Real_Nao_Control/Robot_Control/build/nao_control/CMakeFiles/CMakeTmp'
Makefile:126: recipe for target 'cmTC_7c433/fast' failed
make: *** [cmTC_7c433/fast] Error 2


