Determining if the pthread_create exist failed with the following output:
Change Dir: /home/deepself/Shengzhi_Project/self-recognize/Owner/Real_Nao_Control/Robot_Control/build/catkin_tools_prebuild/CMakeFiles/CMakeTmp

Run Build Command:"/usr/bin/make" "cmTC_c418b/fast"
/usr/bin/make -f CMakeFiles/cmTC_c418b.dir/build.make CMakeFiles/cmTC_c418b.dir/build
make[1]: Entering directory '/home/deepself/Shengzhi_Project/self-recognize/Owner/Real_Nao_Control/Robot_Control/build/catkin_tools_prebuild/CMakeFiles/CMakeTmp'
Building C object CMakeFiles/cmTC_c418b.dir/CheckSymbolExists.c.o
/usr/bin/cc     -o CMakeFiles/cmTC_c418b.dir/CheckSymbolExists.c.o   -c /home/deepself/Shengzhi_Project/self-recognize/Owner/Real_Nao_Control/Robot_Control/build/catkin_tools_prebuild/CMakeFiles/CMakeTmp/CheckSymbolExists.c
Linking C executable cmTC_c418b
/usr/bin/cmake -E cmake_link_script CMakeFiles/cmTC_c418b.dir/link.txt --verbose=1
/usr/bin/cc       CMakeFiles/cmTC_c418b.dir/CheckSymbolExists.c.o  -o cmTC_c418b -rdynamic 
CMakeFiles/cmTC_c418b.dir/CheckSymbolExists.c.o: In function `main':
CheckSymbolExists.c:(.text+0x16): undefined reference to `pthread_create'
collect2: error: ld returned 1 exit status
CMakeFiles/cmTC_c418b.dir/build.make:97: recipe for target 'cmTC_c418b' failed
make[1]: *** [cmTC_c418b] Error 1
make[1]: Leaving directory '/home/deepself/Shengzhi_Project/self-recognize/Owner/Real_Nao_Control/Robot_Control/build/catkin_tools_prebuild/CMakeFiles/CMakeTmp'
Makefile:126: recipe for target 'cmTC_c418b/fast' failed
make: *** [cmTC_c418b/fast] Error 2

File /home/deepself/Shengzhi_Project/self-recognize/Owner/Real_Nao_Control/Robot_Control/build/catkin_tools_prebuild/CMakeFiles/CMakeTmp/CheckSymbolExists.c:
/* */
#include <pthread.h>

int main(int argc, char** argv)
{
  (void)argv;
#ifndef pthread_create
  return ((int*)(&pthread_create))[argc];
#else
  (void)argc;
  return 0;
#endif
}

Determining if the function pthread_create exists in the pthreads failed with the following output:
Change Dir: /home/deepself/Shengzhi_Project/self-recognize/Owner/Real_Nao_Control/Robot_Control/build/catkin_tools_prebuild/CMakeFiles/CMakeTmp

Run Build Command:"/usr/bin/make" "cmTC_170cd/fast"
/usr/bin/make -f CMakeFiles/cmTC_170cd.dir/build.make CMakeFiles/cmTC_170cd.dir/build
make[1]: Entering directory '/home/deepself/Shengzhi_Project/self-recognize/Owner/Real_Nao_Control/Robot_Control/build/catkin_tools_prebuild/CMakeFiles/CMakeTmp'
Building C object CMakeFiles/cmTC_170cd.dir/CheckFunctionExists.c.o
/usr/bin/cc    -DCHECK_FUNCTION_EXISTS=pthread_create   -o CMakeFiles/cmTC_170cd.dir/CheckFunctionExists.c.o   -c /usr/share/cmake-3.5/Modules/CheckFunctionExists.c
Linking C executable cmTC_170cd
/usr/bin/cmake -E cmake_link_script CMakeFiles/cmTC_170cd.dir/link.txt --verbose=1
/usr/bin/cc   -DCHECK_FUNCTION_EXISTS=pthread_create    CMakeFiles/cmTC_170cd.dir/CheckFunctionExists.c.o  -o cmTC_170cd -rdynamic -lpthreads 
/usr/bin/ld: cannot find -lpthreads
collect2: error: ld returned 1 exit status
CMakeFiles/cmTC_170cd.dir/build.make:97: recipe for target 'cmTC_170cd' failed
make[1]: *** [cmTC_170cd] Error 1
make[1]: Leaving directory '/home/deepself/Shengzhi_Project/self-recognize/Owner/Real_Nao_Control/Robot_Control/build/catkin_tools_prebuild/CMakeFiles/CMakeTmp'
Makefile:126: recipe for target 'cmTC_170cd/fast' failed
make: *** [cmTC_170cd/fast] Error 2


