Determining if the pthread_create exist failed with the following output:
Change Dir: /home/vojta/code-nao-simulation/gazebo9/catkin_ws/build/nao_control/CMakeFiles/CMakeTmp

Run Build Command:"/usr/bin/make" "cmTC_7cedf/fast"
/usr/bin/make -f CMakeFiles/cmTC_7cedf.dir/build.make CMakeFiles/cmTC_7cedf.dir/build
make[1]: Entering directory '/home/vojta/code-nao-simulation/gazebo9/catkin_ws/build/nao_control/CMakeFiles/CMakeTmp'
Building C object CMakeFiles/cmTC_7cedf.dir/CheckSymbolExists.c.o
/usr/bin/cc    -o CMakeFiles/cmTC_7cedf.dir/CheckSymbolExists.c.o   -c /home/vojta/code-nao-simulation/gazebo9/catkin_ws/build/nao_control/CMakeFiles/CMakeTmp/CheckSymbolExists.c
Linking C executable cmTC_7cedf
/usr/bin/cmake -E cmake_link_script CMakeFiles/cmTC_7cedf.dir/link.txt --verbose=1
/usr/bin/cc      -rdynamic CMakeFiles/cmTC_7cedf.dir/CheckSymbolExists.c.o  -o cmTC_7cedf 
CMakeFiles/cmTC_7cedf.dir/CheckSymbolExists.c.o: In function `main':
CheckSymbolExists.c:(.text+0x1b): undefined reference to `pthread_create'
collect2: error: ld returned 1 exit status
CMakeFiles/cmTC_7cedf.dir/build.make:97: recipe for target 'cmTC_7cedf' failed
make[1]: *** [cmTC_7cedf] Error 1
make[1]: Leaving directory '/home/vojta/code-nao-simulation/gazebo9/catkin_ws/build/nao_control/CMakeFiles/CMakeTmp'
Makefile:126: recipe for target 'cmTC_7cedf/fast' failed
make: *** [cmTC_7cedf/fast] Error 2

File /home/vojta/code-nao-simulation/gazebo9/catkin_ws/build/nao_control/CMakeFiles/CMakeTmp/CheckSymbolExists.c:
/* */
#include <pthread.h>

int main(int argc, char** argv)
{
  (void)argv;
#ifndef pthread_create
  return ((int*)(&pthread_create))[argc];
#else
  (void)argc;
  return 0;
#endif
}

Determining if the function pthread_create exists in the pthreads failed with the following output:
Change Dir: /home/vojta/code-nao-simulation/gazebo9/catkin_ws/build/nao_control/CMakeFiles/CMakeTmp

Run Build Command:"/usr/bin/make" "cmTC_ce3db/fast"
/usr/bin/make -f CMakeFiles/cmTC_ce3db.dir/build.make CMakeFiles/cmTC_ce3db.dir/build
make[1]: Entering directory '/home/vojta/code-nao-simulation/gazebo9/catkin_ws/build/nao_control/CMakeFiles/CMakeTmp'
Building C object CMakeFiles/cmTC_ce3db.dir/CheckFunctionExists.c.o
/usr/bin/cc   -DCHECK_FUNCTION_EXISTS=pthread_create   -o CMakeFiles/cmTC_ce3db.dir/CheckFunctionExists.c.o   -c /usr/share/cmake-3.10/Modules/CheckFunctionExists.c
Linking C executable cmTC_ce3db
/usr/bin/cmake -E cmake_link_script CMakeFiles/cmTC_ce3db.dir/link.txt --verbose=1
/usr/bin/cc  -DCHECK_FUNCTION_EXISTS=pthread_create    -rdynamic CMakeFiles/cmTC_ce3db.dir/CheckFunctionExists.c.o  -o cmTC_ce3db -lpthreads 
/usr/bin/ld: cannot find -lpthreads
collect2: error: ld returned 1 exit status
CMakeFiles/cmTC_ce3db.dir/build.make:97: recipe for target 'cmTC_ce3db' failed
make[1]: *** [cmTC_ce3db] Error 1
make[1]: Leaving directory '/home/vojta/code-nao-simulation/gazebo9/catkin_ws/build/nao_control/CMakeFiles/CMakeTmp'
Makefile:126: recipe for target 'cmTC_ce3db/fast' failed
make: *** [cmTC_ce3db/fast] Error 2


