Determining if the pthread_create exist failed with the following output:
Change Dir: /home/deepself/Shengzhi_Project/nao-mirror-self-recog/catkin_ws/build/nao_bringup/CMakeFiles/CMakeTmp

Run Build Command:"/usr/bin/make" "cmTC_ebf0d/fast"
/usr/bin/make -f CMakeFiles/cmTC_ebf0d.dir/build.make CMakeFiles/cmTC_ebf0d.dir/build
make[1]: Entering directory '/home/deepself/Shengzhi_Project/nao-mirror-self-recog/catkin_ws/build/nao_bringup/CMakeFiles/CMakeTmp'
Building C object CMakeFiles/cmTC_ebf0d.dir/CheckSymbolExists.c.o
/usr/bin/cc     -o CMakeFiles/cmTC_ebf0d.dir/CheckSymbolExists.c.o   -c /home/deepself/Shengzhi_Project/nao-mirror-self-recog/catkin_ws/build/nao_bringup/CMakeFiles/CMakeTmp/CheckSymbolExists.c
Linking C executable cmTC_ebf0d
/usr/bin/cmake -E cmake_link_script CMakeFiles/cmTC_ebf0d.dir/link.txt --verbose=1
/usr/bin/cc       CMakeFiles/cmTC_ebf0d.dir/CheckSymbolExists.c.o  -o cmTC_ebf0d -rdynamic 
CMakeFiles/cmTC_ebf0d.dir/CheckSymbolExists.c.o: In function `main':
CheckSymbolExists.c:(.text+0x16): undefined reference to `pthread_create'
collect2: error: ld returned 1 exit status
CMakeFiles/cmTC_ebf0d.dir/build.make:97: recipe for target 'cmTC_ebf0d' failed
make[1]: *** [cmTC_ebf0d] Error 1
make[1]: Leaving directory '/home/deepself/Shengzhi_Project/nao-mirror-self-recog/catkin_ws/build/nao_bringup/CMakeFiles/CMakeTmp'
Makefile:126: recipe for target 'cmTC_ebf0d/fast' failed
make: *** [cmTC_ebf0d/fast] Error 2

File /home/deepself/Shengzhi_Project/nao-mirror-self-recog/catkin_ws/build/nao_bringup/CMakeFiles/CMakeTmp/CheckSymbolExists.c:
/* */
#include <pthread.h>

int main(int argc, char** argv)
{
  (void)argv;
#ifndef pthread_create
  return ((int*)(&pthread_create))[argc];
#else
  (void)argc;
  return 0;
#endif
}

Determining if the function pthread_create exists in the pthreads failed with the following output:
Change Dir: /home/deepself/Shengzhi_Project/nao-mirror-self-recog/catkin_ws/build/nao_bringup/CMakeFiles/CMakeTmp

Run Build Command:"/usr/bin/make" "cmTC_caa03/fast"
/usr/bin/make -f CMakeFiles/cmTC_caa03.dir/build.make CMakeFiles/cmTC_caa03.dir/build
make[1]: Entering directory '/home/deepself/Shengzhi_Project/nao-mirror-self-recog/catkin_ws/build/nao_bringup/CMakeFiles/CMakeTmp'
Building C object CMakeFiles/cmTC_caa03.dir/CheckFunctionExists.c.o
/usr/bin/cc    -DCHECK_FUNCTION_EXISTS=pthread_create   -o CMakeFiles/cmTC_caa03.dir/CheckFunctionExists.c.o   -c /usr/share/cmake-3.5/Modules/CheckFunctionExists.c
Linking C executable cmTC_caa03
/usr/bin/cmake -E cmake_link_script CMakeFiles/cmTC_caa03.dir/link.txt --verbose=1
/usr/bin/cc   -DCHECK_FUNCTION_EXISTS=pthread_create    CMakeFiles/cmTC_caa03.dir/CheckFunctionExists.c.o  -o cmTC_caa03 -rdynamic -lpthreads 
/usr/bin/ld: cannot find -lpthreads
collect2: error: ld returned 1 exit status
CMakeFiles/cmTC_caa03.dir/build.make:97: recipe for target 'cmTC_caa03' failed
make[1]: *** [cmTC_caa03] Error 1
make[1]: Leaving directory '/home/deepself/Shengzhi_Project/nao-mirror-self-recog/catkin_ws/build/nao_bringup/CMakeFiles/CMakeTmp'
Makefile:126: recipe for target 'cmTC_caa03/fast' failed
make: *** [cmTC_caa03/fast] Error 2


