Determining if the pthread_create exist failed with the following output:
Change Dir: /home/deepself/Shengzhi_Project/nao-mirror-self-recog/catkin_ws/build/nao_apps/CMakeFiles/CMakeTmp

Run Build Command:"/usr/bin/make" "cmTC_de5c5/fast"
/usr/bin/make -f CMakeFiles/cmTC_de5c5.dir/build.make CMakeFiles/cmTC_de5c5.dir/build
make[1]: Entering directory '/home/deepself/Shengzhi_Project/nao-mirror-self-recog/catkin_ws/build/nao_apps/CMakeFiles/CMakeTmp'
Building C object CMakeFiles/cmTC_de5c5.dir/CheckSymbolExists.c.o
/usr/bin/cc     -o CMakeFiles/cmTC_de5c5.dir/CheckSymbolExists.c.o   -c /home/deepself/Shengzhi_Project/nao-mirror-self-recog/catkin_ws/build/nao_apps/CMakeFiles/CMakeTmp/CheckSymbolExists.c
Linking C executable cmTC_de5c5
/usr/bin/cmake -E cmake_link_script CMakeFiles/cmTC_de5c5.dir/link.txt --verbose=1
/usr/bin/cc       CMakeFiles/cmTC_de5c5.dir/CheckSymbolExists.c.o  -o cmTC_de5c5 -rdynamic 
CMakeFiles/cmTC_de5c5.dir/CheckSymbolExists.c.o: In function `main':
CheckSymbolExists.c:(.text+0x16): undefined reference to `pthread_create'
collect2: error: ld returned 1 exit status
CMakeFiles/cmTC_de5c5.dir/build.make:97: recipe for target 'cmTC_de5c5' failed
make[1]: *** [cmTC_de5c5] Error 1
make[1]: Leaving directory '/home/deepself/Shengzhi_Project/nao-mirror-self-recog/catkin_ws/build/nao_apps/CMakeFiles/CMakeTmp'
Makefile:126: recipe for target 'cmTC_de5c5/fast' failed
make: *** [cmTC_de5c5/fast] Error 2

File /home/deepself/Shengzhi_Project/nao-mirror-self-recog/catkin_ws/build/nao_apps/CMakeFiles/CMakeTmp/CheckSymbolExists.c:
/* */
#include <pthread.h>

int main(int argc, char** argv)
{
  (void)argv;
#ifndef pthread_create
  return ((int*)(&pthread_create))[argc];
#else
  (void)argc;
  return 0;
#endif
}

Determining if the function pthread_create exists in the pthreads failed with the following output:
Change Dir: /home/deepself/Shengzhi_Project/nao-mirror-self-recog/catkin_ws/build/nao_apps/CMakeFiles/CMakeTmp

Run Build Command:"/usr/bin/make" "cmTC_805ec/fast"
/usr/bin/make -f CMakeFiles/cmTC_805ec.dir/build.make CMakeFiles/cmTC_805ec.dir/build
make[1]: Entering directory '/home/deepself/Shengzhi_Project/nao-mirror-self-recog/catkin_ws/build/nao_apps/CMakeFiles/CMakeTmp'
Building C object CMakeFiles/cmTC_805ec.dir/CheckFunctionExists.c.o
/usr/bin/cc    -DCHECK_FUNCTION_EXISTS=pthread_create   -o CMakeFiles/cmTC_805ec.dir/CheckFunctionExists.c.o   -c /usr/share/cmake-3.5/Modules/CheckFunctionExists.c
Linking C executable cmTC_805ec
/usr/bin/cmake -E cmake_link_script CMakeFiles/cmTC_805ec.dir/link.txt --verbose=1
/usr/bin/cc   -DCHECK_FUNCTION_EXISTS=pthread_create    CMakeFiles/cmTC_805ec.dir/CheckFunctionExists.c.o  -o cmTC_805ec -rdynamic -lpthreads 
/usr/bin/ld: cannot find -lpthreads
collect2: error: ld returned 1 exit status
CMakeFiles/cmTC_805ec.dir/build.make:97: recipe for target 'cmTC_805ec' failed
make[1]: *** [cmTC_805ec] Error 1
make[1]: Leaving directory '/home/deepself/Shengzhi_Project/nao-mirror-self-recog/catkin_ws/build/nao_apps/CMakeFiles/CMakeTmp'
Makefile:126: recipe for target 'cmTC_805ec/fast' failed
make: *** [cmTC_805ec/fast] Error 2


