Not searching for unused variables given on the command line.
[36m--[0m The C compiler identification is GNU 4.8.5
[36m--[0m The CXX compiler identification is GNU 5.4.0
[36m--[0m Check for working C compiler: /usr/bin/cc
[36m--[0m Check for working C compiler: /usr/bin/cc -- works
[36m--[0m Detecting C compiler ABI info
[36m--[0m Detecting C compiler ABI info - done
[36m--[0m Detecting C compile features
[36m--[0m Detecting C compile features - done
[36m--[0m Check for working CXX compiler: /usr/bin/c++
[36m--[0m Check for working CXX compiler: /usr/bin/c++ -- works
[36m--[0m Detecting CXX compiler ABI info
[36m--[0m Detecting CXX compiler ABI info - done
[36m--[0m Detecting CXX compile features
[36m--[0m Detecting CXX compile features - done
[36m--[0m Using CATKIN_DEVEL_PREFIX: /home/deepself/Shengzhi_Project/nao-mirror-self-recog/catkin_ws/devel/.private/nao_meshes
[36m--[0m Using CMAKE_PREFIX_PATH: /home/deepself/Shengzhi_Project/nao-mirror-self-recog/catkin_ws/devel;/opt/ros/kinetic
[36m--[0m This workspace overlays: /home/deepself/Shengzhi_Project/nao-mirror-self-recog/catkin_ws/devel;/opt/ros/kinetic
[36m--[0m Found PythonInterp: /usr/bin/python (found version "2.7.12")
[36m--[0m Using PYTHON_EXECUTABLE: /usr/bin/python
[36m--[0m Using Debian Python package layout
[36m--[0m Using empy: /usr/bin/empy
[36m--[0m Using CATKIN_ENABLE_TESTING: ON
[36m--[0m Call enable_testing()
[36m--[0m Using CATKIN_TEST_RESULTS_DIR: /home/deepself/Shengzhi_Project/nao-mirror-self-recog/catkin_ws/build/nao_meshes/test_results
[36m--[0m Found gmock sources under '/usr/src/gmock': gmock will be built
[36m--[0m Looking for pthread.h
[36m--[0m Looking for pthread.h - found
[36m--[0m Looking for pthread_create
[36m--[0m Looking for pthread_create - not found
[36m--[0m Looking for pthread_create in pthreads
[36m--[0m Looking for pthread_create in pthreads - not found
[36m--[0m Looking for pthread_create in pthread
[36m--[0m Looking for pthread_create in pthread - found
[36m--[0m Found Threads: TRUE
[36m--[0m Found gtest sources under '/usr/src/gmock': gtests will be built
[36m--[0m Using Python nosetests: /usr/bin/nosetests-2.7
[36m--[0m catkin 0.7.18
[36m--[0m BUILD_SHARED_LIBS is on
[36m--[0m Architecture is apparently 32 (-1 for no): -1
[36m--[0m Downloading 64 bit installer
[36m--[0m [download 0% complete]
[36m--[0m [download 100% complete]
[36m--[0m [download 0% complete]
[36m--[0m [download 1% complete]
[36m--[0m [download 2% complete]
[36m--[0m [download 3% complete]
[36m--[0m [download 4% complete]
[36m--[0m [download 5% complete]
[36m--[0m [download 6% complete]
[36m--[0m [download 7% complete]
[36m--[0m [download 8% complete]
[36m--[0m [download 9% complete]
[36m--[0m [download 10% complete]
[36m--[0m [download 11% complete]
[36m--[0m [download 12% complete]
[36m--[0m [download 13% complete]
[36m--[0m [download 14% complete]
[36m--[0m [download 15% complete]
[36m--[0m [download 16% complete]
[36m--[0m [download 17% complete]
[36m--[0m [download 18% complete]
[36m--[0m [download 19% complete]
[36m--[0m [download 20% complete]
[36m--[0m [download 21% complete]
[36m--[0m [download 22% complete]
[36m--[0m [download 23% complete]
[36m--[0m [download 24% complete]
[36m--[0m [download 25% complete]
[36m--[0m [download 26% complete]
[36m--[0m [download 27% complete]
[36m--[0m [download 28% complete]
[36m--[0m [download 29% complete]
[36m--[0m [download 30% complete]
[36m--[0m [download 31% complete]
[36m--[0m [download 32% complete]
[36m--[0m [download 33% complete]
[36m--[0m [download 34% complete]
[36m--[0m [download 35% complete]
[36m--[0m [download 36% complete]
[36m--[0m [download 37% complete]
[36m--[0m [download 38% complete]
[36m--[0m [download 39% complete]
[36m--[0m [download 40% complete]
[36m--[0m [download 41% complete]
[36m--[0m [download 42% complete]
[36m--[0m [download 43% complete]
[36m--[0m [download 44% complete]
[36m--[0m [download 45% complete]
[36m--[0m [download 46% complete]
[36m--[0m [download 47% complete]
[36m--[0m [download 48% complete]
[36m--[0m [download 49% complete]
[36m--[0m [download 50% complete]
[36m--[0m [download 51% complete]
[36m--[0m [download 52% complete]
[36m--[0m [download 53% complete]
[36m--[0m [download 54% complete]
[36m--[0m [download 55% complete]
[36m--[0m [download 56% complete]
[36m--[0m [download 57% complete]
[36m--[0m [download 58% complete]
[36m--[0m [download 59% complete]
[36m--[0m [download 60% complete]
[36m--[0m [download 61% complete]
[36m--[0m [download 62% complete]
[36m--[0m [download 63% complete]
[36m--[0m [download 64% complete]
[36m--[0m [download 65% complete]
[36m--[0m [download 66% complete]
[36m--[0m [download 67% complete]
[36m--[0m [download 68% complete]
[36m--[0m [download 69% complete]
[36m--[0m [download 70% complete]
[36m--[0m [download 71% complete]
[36m--[0m [download 72% complete]
[36m--[0m [download 73% complete]
[36m--[0m [download 74% complete]
[36m--[0m [download 75% complete]
[36m--[0m [download 76% complete]
[36m--[0m [download 77% complete]
[36m--[0m [download 78% complete]
[36m--[0m [download 79% complete]
[36m--[0m [download 80% complete]
[36m--[0m [download 81% complete]
[36m--[0m [download 82% complete]
[36m--[0m [download 83% complete]
[36m--[0m [download 84% complete]
[36m--[0m [download 85% complete]
[36m--[0m [download 86% complete]
[36m--[0m [download 87% complete]
[36m--[0m [download 88% complete]
[36m--[0m [download 89% complete]
[36m--[0m [download 90% complete]
[36m--[0m [download 91% complete]
[36m--[0m [download 92% complete]
[36m--[0m [download 93% complete]
[36m--[0m [download 94% complete]
[36m--[0m [download 95% complete]
[36m--[0m [download 96% complete]
[36m--[0m [download 97% complete]
[36m--[0m [download 98% complete]
[36m--[0m [download 99% complete]
[36m--[0m [download 100% complete]
[36m--[0m Configuring done
[36m--[0m Generating done
[36m--[0m Build files have been written to: /home/deepself/Shengzhi_Project/nao-mirror-self-recog/catkin_ws/build/nao_meshes
