Determining if the pthread_create exist failed with the following output:
Change Dir: /home/vojta/code-nao-simulation/gazebo9/catkin_ws/build/my_executables/CMakeFiles/CMakeTmp

Run Build Command:"/usr/bin/make" "cmTC_bb929/fast"
/usr/bin/make -f CMakeFiles/cmTC_bb929.dir/build.make CMakeFiles/cmTC_bb929.dir/build
make[1]: Entering directory '/home/vojta/code-nao-simulation/gazebo9/catkin_ws/build/my_executables/CMakeFiles/CMakeTmp'
Building C object CMakeFiles/cmTC_bb929.dir/CheckSymbolExists.c.o
/usr/bin/cc    -o CMakeFiles/cmTC_bb929.dir/CheckSymbolExists.c.o   -c /home/vojta/code-nao-simulation/gazebo9/catkin_ws/build/my_executables/CMakeFiles/CMakeTmp/CheckSymbolExists.c
Linking C executable cmTC_bb929
/usr/bin/cmake -E cmake_link_script CMakeFiles/cmTC_bb929.dir/link.txt --verbose=1
/usr/bin/cc      -rdynamic CMakeFiles/cmTC_bb929.dir/CheckSymbolExists.c.o  -o cmTC_bb929 
CMakeFiles/cmTC_bb929.dir/CheckSymbolExists.c.o: In function `main':
CheckSymbolExists.c:(.text+0x1b): undefined reference to `pthread_create'
collect2: error: ld returned 1 exit status
CMakeFiles/cmTC_bb929.dir/build.make:97: recipe for target 'cmTC_bb929' failed
make[1]: *** [cmTC_bb929] Error 1
make[1]: Leaving directory '/home/vojta/code-nao-simulation/gazebo9/catkin_ws/build/my_executables/CMakeFiles/CMakeTmp'
Makefile:126: recipe for target 'cmTC_bb929/fast' failed
make: *** [cmTC_bb929/fast] Error 2

File /home/vojta/code-nao-simulation/gazebo9/catkin_ws/build/my_executables/CMakeFiles/CMakeTmp/CheckSymbolExists.c:
/* */
#include <pthread.h>

int main(int argc, char** argv)
{
  (void)argv;
#ifndef pthread_create
  return ((int*)(&pthread_create))[argc];
#else
  (void)argc;
  return 0;
#endif
}

Determining if the function pthread_create exists in the pthreads failed with the following output:
Change Dir: /home/vojta/code-nao-simulation/gazebo9/catkin_ws/build/my_executables/CMakeFiles/CMakeTmp

Run Build Command:"/usr/bin/make" "cmTC_6ce7e/fast"
/usr/bin/make -f CMakeFiles/cmTC_6ce7e.dir/build.make CMakeFiles/cmTC_6ce7e.dir/build
make[1]: Entering directory '/home/vojta/code-nao-simulation/gazebo9/catkin_ws/build/my_executables/CMakeFiles/CMakeTmp'
Building C object CMakeFiles/cmTC_6ce7e.dir/CheckFunctionExists.c.o
/usr/bin/cc   -DCHECK_FUNCTION_EXISTS=pthread_create   -o CMakeFiles/cmTC_6ce7e.dir/CheckFunctionExists.c.o   -c /usr/share/cmake-3.10/Modules/CheckFunctionExists.c
Linking C executable cmTC_6ce7e
/usr/bin/cmake -E cmake_link_script CMakeFiles/cmTC_6ce7e.dir/link.txt --verbose=1
/usr/bin/cc  -DCHECK_FUNCTION_EXISTS=pthread_create    -rdynamic CMakeFiles/cmTC_6ce7e.dir/CheckFunctionExists.c.o  -o cmTC_6ce7e -lpthreads 
/usr/bin/ld: cannot find -lpthreads
collect2: error: ld returned 1 exit status
CMakeFiles/cmTC_6ce7e.dir/build.make:97: recipe for target 'cmTC_6ce7e' failed
make[1]: *** [cmTC_6ce7e] Error 1
make[1]: Leaving directory '/home/vojta/code-nao-simulation/gazebo9/catkin_ws/build/my_executables/CMakeFiles/CMakeTmp'
Makefile:126: recipe for target 'cmTC_6ce7e/fast' failed
make: *** [cmTC_6ce7e/fast] Error 2


