[35m[1mScanning dependencies of target std_msgs_generate_messages_py[0m
[35m[1mScanning dependencies of target std_msgs_generate_messages_lisp[0m
[35m[1mScanning dependencies of target std_msgs_generate_messages_nodejs[0m
[35m[1mScanning dependencies of target std_msgs_generate_messages_cpp[0m
[  0%] Built target std_msgs_generate_messages_py
[  0%] Built target std_msgs_generate_messages_lisp
[  0%] Built target std_msgs_generate_messages_nodejs
[  0%] Built target std_msgs_generate_messages_cpp
[35m[1mScanning dependencies of target Project_generate_messages_lisp[0m
[35m[1mScanning dependencies of target std_msgs_generate_messages_eus[0m
[35m[1mScanning dependencies of target contact[0m
[35m[1mScanning dependencies of target Project_generate_messages_py[0m
[  0%] Built target Project_generate_messages_lisp
[  0%] Built target std_msgs_generate_messages_eus
[  0%] Built target Project_generate_messages_py
[35m[1mScanning dependencies of target Project_generate_messages_nodejs[0m
[35m[1mScanning dependencies of target Project_generate_messages_cpp[0m
[35m[1mScanning dependencies of target Project_generate_messages_eus[0m
[  0%] Built target Project_generate_messages_nodejs
[  0%] Built target Project_generate_messages_cpp
[ 33%] [34m[1mGenerating EusLisp manifest code for Project[0m
WARNING: Package name "gazebo_ContactSensor_plugin" does not follow the naming conventions. It should start with a lower case letter and only contain lower case letters, digits, underscores, and dashes.
WARNING: Package name "gazebo_ContactSensor_plugin" does not follow the naming conventions. It should start with a lower case letter and only contain lower case letters, digits, underscores, and dashes.
WARNING: Package name "gazebo_ContactSensor_plugin" does not follow the naming conventions. It should start with a lower case letter and only contain lower case letters, digits, underscores, and dashes.
WARNING: Package name "gazebo_ContactSensor_plugin" does not follow the naming conventions. It should start with a lower case letter and only contain lower case letters, digits, underscores, and dashes.
[ 66%] [32mBuilding CXX object CMakeFiles/contact.dir/ContactPlugin.cc.o[0m
[33m[WARNING] Project is not found in workspace[0m
[ 66%] Built target Project_generate_messages_eus
[35m[1mScanning dependencies of target Project_generate_messages[0m
[ 66%] Built target Project_generate_messages
[100%] [32m[1mLinking CXX shared library /home/vojta/code-nao-simulation/gazebo9/catkin_ws/devel/.private/gazebo_ContactSensor_plugin/lib/libcontact.so[0m
[100%] Built target contact
