Determining if the pthread_create exist failed with the following output:
Change Dir: /home/vojta/code-nao-simulation/gazebo9/catkin_ws/build/nao_description/CMakeFiles/CMakeTmp

Run Build Command:"/usr/bin/make" "cmTC_736a3/fast"
/usr/bin/make -f CMakeFiles/cmTC_736a3.dir/build.make CMakeFiles/cmTC_736a3.dir/build
make[1]: Entering directory '/home/vojta/code-nao-simulation/gazebo9/catkin_ws/build/nao_description/CMakeFiles/CMakeTmp'
Building C object CMakeFiles/cmTC_736a3.dir/CheckSymbolExists.c.o
/usr/bin/cc    -o CMakeFiles/cmTC_736a3.dir/CheckSymbolExists.c.o   -c /home/vojta/code-nao-simulation/gazebo9/catkin_ws/build/nao_description/CMakeFiles/CMakeTmp/CheckSymbolExists.c
Linking C executable cmTC_736a3
/usr/bin/cmake -E cmake_link_script CMakeFiles/cmTC_736a3.dir/link.txt --verbose=1
/usr/bin/cc      -rdynamic CMakeFiles/cmTC_736a3.dir/CheckSymbolExists.c.o  -o cmTC_736a3 
CMakeFiles/cmTC_736a3.dir/CheckSymbolExists.c.o: In function `main':
CheckSymbolExists.c:(.text+0x1b): undefined reference to `pthread_create'
collect2: error: ld returned 1 exit status
CMakeFiles/cmTC_736a3.dir/build.make:97: recipe for target 'cmTC_736a3' failed
make[1]: *** [cmTC_736a3] Error 1
make[1]: Leaving directory '/home/vojta/code-nao-simulation/gazebo9/catkin_ws/build/nao_description/CMakeFiles/CMakeTmp'
Makefile:126: recipe for target 'cmTC_736a3/fast' failed
make: *** [cmTC_736a3/fast] Error 2

File /home/vojta/code-nao-simulation/gazebo9/catkin_ws/build/nao_description/CMakeFiles/CMakeTmp/CheckSymbolExists.c:
/* */
#include <pthread.h>

int main(int argc, char** argv)
{
  (void)argv;
#ifndef pthread_create
  return ((int*)(&pthread_create))[argc];
#else
  (void)argc;
  return 0;
#endif
}

Determining if the function pthread_create exists in the pthreads failed with the following output:
Change Dir: /home/vojta/code-nao-simulation/gazebo9/catkin_ws/build/nao_description/CMakeFiles/CMakeTmp

Run Build Command:"/usr/bin/make" "cmTC_571fb/fast"
/usr/bin/make -f CMakeFiles/cmTC_571fb.dir/build.make CMakeFiles/cmTC_571fb.dir/build
make[1]: Entering directory '/home/vojta/code-nao-simulation/gazebo9/catkin_ws/build/nao_description/CMakeFiles/CMakeTmp'
Building C object CMakeFiles/cmTC_571fb.dir/CheckFunctionExists.c.o
/usr/bin/cc   -DCHECK_FUNCTION_EXISTS=pthread_create   -o CMakeFiles/cmTC_571fb.dir/CheckFunctionExists.c.o   -c /usr/share/cmake-3.10/Modules/CheckFunctionExists.c
Linking C executable cmTC_571fb
/usr/bin/cmake -E cmake_link_script CMakeFiles/cmTC_571fb.dir/link.txt --verbose=1
/usr/bin/cc  -DCHECK_FUNCTION_EXISTS=pthread_create    -rdynamic CMakeFiles/cmTC_571fb.dir/CheckFunctionExists.c.o  -o cmTC_571fb -lpthreads 
/usr/bin/ld: cannot find -lpthreads
collect2: error: ld returned 1 exit status
CMakeFiles/cmTC_571fb.dir/build.make:97: recipe for target 'cmTC_571fb' failed
make[1]: *** [cmTC_571fb] Error 1
make[1]: Leaving directory '/home/vojta/code-nao-simulation/gazebo9/catkin_ws/build/nao_description/CMakeFiles/CMakeTmp'
Makefile:126: recipe for target 'cmTC_571fb/fast' failed
make: *** [cmTC_571fb/fast] Error 2


